<?xml version="1.0" encoding="UTF-8"?>
<!-- Generated by org.testng.reporters.JUnitReportReporter -->
<testsuite hostname="DESKTOP-5TETB4V" failures="0" tests="3" name="Testcases.MultipleBrowser" time="26.350" errors="0" timestamp="2024-04-05T12:46:25 IST" skipped="0">
  <testcase classname="Testcases.MultipleBrowser" name="tests" time="12.029"/>
  <testcase classname="Testcases.MultipleBrowser" name="tests" time="6.207"/>
  <testcase classname="Testcases.MultipleBrowser" name="tests" time="8.114"/>
</testsuite> <!-- Testcases.MultipleBrowser -->
